0 info it worked if it ends with ok
1 verbose cli [ '/usr/bin/nodejs',
1 verbose cli   '/usr/bin/npm',
1 verbose cli   'run',
1 verbose cli   'babel-node',
1 verbose cli   '--',
1 verbose cli   'src/bin/brain-games.js' ]
2 info using npm@3.10.10
3 info using node@v6.10.3
4 verbose run-script [ 'prebabel-node', 'babel-node', 'postbabel-node' ]
5 info lifecycle bgames@4.0.6~prebabel-node: bgames@4.0.6
6 silly lifecycle bgames@4.0.6~prebabel-node: no script for prebabel-node, continuing
7 info lifecycle bgames@4.0.6~babel-node: bgames@4.0.6
8 verbose lifecycle bgames@4.0.6~babel-node: unsafe-perm in lifecycle true
9 verbose lifecycle bgames@4.0.6~babel-node: PATH: /usr/lib/node_modules/npm/bin/node-gyp-bin:/home/q/hexlet10/project-lvl1-s98/node_modules/.bin:/home/q/bin:/home/q/.local/bin:/usr/local/sbin:/usr/local/bin:/usr/sbin:/usr/bin:/sbin:/bin:/usr/games:/usr/local/games:/snap/bin
10 verbose lifecycle bgames@4.0.6~babel-node: CWD: /home/q/hexlet10/project-lvl1-s98
11 silly lifecycle bgames@4.0.6~babel-node: Args: [ '-c', 'babel-node "src/bin/brain-games.js"' ]
12 info lifecycle bgames@4.0.6~babel-node: Failed to exec babel-node script
13 verbose stack Error: bgames@4.0.6 babel-node: `babel-node "src/bin/brain-games.js"`
13 verbose stack spawn ENOENT
13 verbose stack     at ChildProcess.<anonymous> (/usr/lib/node_modules/npm/lib/utils/spawn.js:33:16)
13 verbose stack     at emitTwo (events.js:106:13)
13 verbose stack     at ChildProcess.emit (events.js:191:7)
13 verbose stack     at maybeClose (internal/child_process.js:886:16)
13 verbose stack     at Process.ChildProcess._handle.onexit (internal/child_process.js:226:5)
14 verbose pkgid bgames@4.0.6
15 verbose cwd /home/q/hexlet10/project-lvl1-s98
16 error Linux 4.8.0-52-generic
17 error argv "/usr/bin/nodejs" "/usr/bin/npm" "run" "babel-node" "--" "src/bin/brain-games.js"
18 error node v6.10.3
19 error npm  v3.10.10
20 error file sh
21 error code ELIFECYCLE
22 error errno ENOENT
23 error syscall spawn
24 error bgames@4.0.6 babel-node: `babel-node "src/bin/brain-games.js"`
24 error spawn ENOENT
25 error Failed at the bgames@4.0.6 babel-node script 'babel-node "src/bin/brain-games.js"'.
25 error Make sure you have the latest version of node.js and npm installed.
25 error If you do, this is most likely a problem with the bgames package,
25 error not with npm itself.
25 error Tell the author that this fails on your system:
25 error     babel-node "src/bin/brain-games.js"
25 error You can get information on how to open an issue for this project with:
25 error     npm bugs bgames
25 error Or if that isn't available, you can get their info via:
25 error     npm owner ls bgames
25 error There is likely additional logging output above.
26 verbose exit [ 1, true ]
